#
# A fatal error has been detected by the Java Runtime Environment:
#
#  SIGSEGV (0xb) at pc=0x00007f1383ad7574, pid=29372, tid=0x00007f1406c85700
#
# JRE version: Java(TM) SE Runtime Environment (8.0_171-b11) (build 1.8.0_171-b11)
# Java VM: Java HotSpot(TM) 64-Bit Server VM (25.171-b11 mixed mode linux-amd64 compressed oops)
# Problematic frame:
# C  [libmwboost_serialization.so.1.56.0+0x3f574]  mwboost::serialization::typeid_system::extended_type_info_typeid_0::is_less_than(mwboost::serialization::extended_type_info const&) const+0x14
#
# Failed to write core dump. Core dumps have been disabled. To enable core dumping, try "ulimit -c unlimited" before starting Java again
#
# If you would like to submit a bug report, please visit:
#   http://bugreport.java.com/bugreport/crash.jsp
# The crash happened outside the Java Virtual Machine in native code.
# See problematic frame for where to report the bug.
#

---------------  T H R E A D  ---------------

Current thread (0x00007f140000f800):  JavaThread "main" [_thread_in_native, id=29378, stack(0x00007f1406b85000,0x00007f1406c86000)]

siginfo: si_signo: 11 (SIGSEGV), si_code: 1 (SEGV_MAPERR), si_addr: 0x0000000000000008

Registers:
RAX=0x0000000000000000, RBX=0x00007f1400361ae0, RCX=0x0000000000000001, RDX=0x00007f1383ad7560
RSP=0x00007f1406c838d8, RBP=0x00007f14003349c8, RSI=0x00007f13e4a9e520, RDI=0x00007f13e4d22940
R8 =0x00007f13e50c8820, R9 =0x00007f1400361ae0, R10=0x00007f1400000078, R11=0x0000000000000202
R12=0x00007f14003349d0, R13=0x00007f1406c83940, R14=0x00007f1406c84208, R15=0x00007f13e4fae6c0
RIP=0x00007f1383ad7574, EFLAGS=0x0000000000010206, CSGSFS=0x0000000000000033, ERR=0x0000000000000004
  TRAPNO=0x000000000000000e

Top of Stack: (sp=0x00007f1406c838d8)
0x00007f1406c838d8:   00007f1383ad17f1 00007f1406c83900
0x00007f1406c838e8:   00007f1400334990 00007f1406c83ba0
0x00007f1406c838f8:   00007f1406c83940 00007f13e4fae6c0
0x00007f1406c83908:   00007f1406c84208 00007f13e4fae6c0
0x00007f1406c83918:   00007f1383ad1a9e 000000001c3e25a5
0x00007f1406c83928:   0000000000000000 0000000036530daa
0x00007f1406c83938:   0000000000000000 00007f13e4fae6c0
0x00007f1406c83948:   0000000000000001 00007f140000f800
0x00007f1406c83958:   000001bd00000000 00007f1406c83990
0x00007f1406c83968:   00007f13e482a799 0000000000000000
0x00007f1406c83978:   00000007c00016d0 0000000000000000
0x00007f1406c83988:   00007f1400336530 00007f1406c83bc8
0x00007f1406c83998:   00007f13c1483e4b 0000000006c83aa0
0x00007f1406c839a8:   00007f13c1483e4b 0000000000000004
0x00007f1406c839b8:   00007f1406c83a80 00007f1406c83ab0
0x00007f1406c839c8:   00007f13e4a9e500 00007f1406c84200
0x00007f1406c839d8:   00007f1406c84200 00007f1406c83a50
0x00007f1406c839e8:   00007f1406c83ba0 00007f13e4fae6b8
0x00007f1406c839f8:   00007f1406c84208 00007f13e4fae6c0
0x00007f1406c83a08:   00007f13e4c49d94 0000000000000001
0x00007f1406c83a18:   00007f1406116184 00007f1406c83ab0
0x00007f1406c83a28:   00007f1406c84200 00007f1406c83ba0
0x00007f1406c83a38:   00007f13e4a9e500 00007f1406c84200
0x00007f1406c83a48:   00007f1383ad1150 00007f1406c83a80
0x00007f1406c83a58:   00007f13e48289d8 00007f1400000001
0x00007f1406c83a68:   00007f13e50c8742 00007f1400334990
0x00007f1406c83a78:   00007f1406c83ab0 00007f1406c83ba0
0x00007f1406c83a88:   00007f1383ad1cab 00007f1400361ae0
0x00007f1406c83a98:   00007f1400361ae0 00007f1406c83de0
0x00007f1406c83aa8:   00007f140032d850 00007f1300000001
0x00007f1406c83ab8:   00007f1383000000 0000000000000016
0x00007f1406c83ac8:   00000001003dc470 00007f1400200750 

Instructions: (pc=0x00007f1383ad7574)
0x00007f1383ad7554:   c3 66 2e 0f 1f 84 00 00 00 00 00 90 48 39 f7 74
0x00007f1383ad7564:   3b 48 8b 47 18 48 8b 78 08 48 8b 46 18 80 3f 2a
0x00007f1383ad7574:   48 8b 70 08 74 16 48 83 ec 08 e8 fd 76 ff ff 48
0x00007f1383ad7584:   83 c4 08 c1 e8 1f c3 0f 1f 44 00 00 80 3e 2a 75 

Register to memory mapping:

RAX=0x0000000000000000 is an unknown value
RBX=0x00007f1400361ae0 is an unknown value
RCX=0x0000000000000001 is an unknown value
RDX=0x00007f1383ad7560: _ZNK7mwboost13serialization13typeid_system27extended_type_info_typeid_012is_less_thanERKNS0_18extended_type_infoE+0 in /usr/local/MATLAB/R2018a/bin/glnxa64/libmwboost_serialization.so.1.56.0 at 0x00007f1383a98000
RSP=0x00007f1406c838d8 is pointing into the stack for thread: 0x00007f140000f800
RBP=0x00007f14003349c8 is an unknown value
RSI=0x00007f13e4a9e520: _ZZN7mwboost13serialization9singletonINS0_25extended_type_info_typeidIN10foundation7msg_svc8exchange8EnvelopeEEEE12get_instanceEvE1t+0 in /usr/local/MATLAB/R2018a/bin/glnxa64/libmwmst.so at 0x00007f13e4738000
RDI=0x00007f13e4d22940: _ZTSN10foundation7msg_svc8exchange7RoutingE+0 in /usr/local/MATLAB/R2018a/bin/glnxa64/libmwms.so at 0x00007f13e4a9f000
R8 =0x00007f13e50c8820: _ZN7mwboost7archive6detail15common_oarchiveINS0_15binary_oarchiveEE5vsaveENS0_13tracking_typeE+0 in /usr/local/MATLAB/R2018a/bin/glnxa64/libmwfl.so at 0x00007f13e4fb2000
R9 =0x00007f1400361ae0 is an unknown value
R10=0x00007f1400000078 is an unknown value
R11=0x0000000000000202 is an unknown value
R12=0x00007f14003349d0 is an unknown value
R13=0x00007f1406c83940 is pointing into the stack for thread: 0x00007f140000f800
R14=0x00007f1406c84208 is pointing into the stack for thread: 0x00007f140000f800
R15=0x00007f13e4fae6c0: _ZZN7mwboost13serialization9singletonINS_7archive6detail11oserializerINS2_15binary_oarchiveEN10foundation7msg_svc8exchange7RoutingEEEE12get_instanceEvE1t+0 in /usr/local/MATLAB/R2018a/bin/glnxa64/libmwms.so at 0x00007f13e4a9f000


Stack: [0x00007f1406b85000,0x00007f1406c86000],  sp=0x00007f1406c838d8,  free space=1018k
Native frames: (J=compiled Java code, j=interpreted, Vv=VM code, C=native code)
C  [libmwboost_serialization.so.1.56.0+0x3f574]  mwboost::serialization::typeid_system::extended_type_info_typeid_0::is_less_than(mwboost::serialization::extended_type_info const&) const+0x14

Java frames: (J=compiled Java code, j=interpreted, Vv=VM code)
j  com.mathworks.mvm.MvmFactory.nativeTerminateFactory(J)Z+0
j  com.mathworks.mvm.MvmFactory.terminate()Z+18
j  com.mathworks.engine.MatlabEngine.close()V+31
j  Test.main([Ljava/lang/String;)V+159
v  ~StubRoutines::call_stub

---------------  P R O C E S S  ---------------

Java Threads: ( => current thread )
  0x00007f13a8001000 JavaThread "SIGTERM handler" daemon [_thread_blocked, id=30197, stack(0x00007f13e5ff8000,0x00007f13e60f9000)]
  0x00007f14003da800 JavaThread "AWT-XAWT" daemon [_thread_in_native, id=29523, stack(0x00007f138008f000,0x00007f1380190000)]
  0x00007f14003b8800 JavaThread "Java2D Disposer" daemon [_thread_blocked, id=29522, stack(0x00007f13c8041000,0x00007f13c8142000)]
  0x00007f136c001800 JavaThread "EventMgr Dispatcher" daemon [_thread_in_native, id=29407, stack(0x00007f1370334000,0x00007f1370b35000)]
  0x00007f14000e8800 JavaThread "Service Thread" daemon [_thread_blocked, id=29404, stack(0x00007f13e5af3000,0x00007f13e5bf4000)]
  0x00007f14000dd000 JavaThread "C1 CompilerThread3" daemon [_thread_blocked, id=29402, stack(0x00007f13e5bf4000,0x00007f13e5cf5000)]
  0x00007f14000db000 JavaThread "C2 CompilerThread2" daemon [_thread_blocked, id=29401, stack(0x00007f13e5cf5000,0x00007f13e5df6000)]
  0x00007f14000d9000 JavaThread "C2 CompilerThread1" daemon [_thread_blocked, id=29400, stack(0x00007f13e5df6000,0x00007f13e5ef7000)]
  0x00007f14000d6000 JavaThread "C2 CompilerThread0" daemon [_thread_blocked, id=29399, stack(0x00007f13e5ef7000,0x00007f13e5ff8000)]
  0x00007f14000d4000 JavaThread "JDWP Event Helper Thread" daemon [_thread_blocked, id=29396, stack(0x00007f13e60f9000,0x00007f13e61fa000)]
  0x00007f14000d0800 JavaThread "JDWP Transport Listener: dt_socket" daemon [_thread_in_native, id=29393, stack(0x00007f13e61fa000,0x00007f13e62fb000)]
  0x00007f14000c4000 JavaThread "Signal Dispatcher" daemon [_thread_blocked, id=29391, stack(0x00007f13e64ff000,0x00007f13e6600000)]
  0x00007f1400091800 JavaThread "Finalizer" daemon [_thread_blocked, id=29389, stack(0x00007f13e6600000,0x00007f13e6701000)]
  0x00007f140008d000 JavaThread "Reference Handler"