
35.0 availRes: Resources: [0.0 1.0 2012.0 ] : Q size 80, 2 take 2 milliseconds
35.0 availRes: Resources: [0.0 1.0 2012.0 ] : Q size 80, 2 take 1 milliseconds
35.0 availRes: Resources: [0.0 1.0 2012.0 ] : Q size 160, 4 take 3 milliseconds
35.0 availRes: Resources: [0.0 1.0 2012.0 ] : Q size 320, 8 take 5 milliseconds
35.0 availRes: Resources: [0.0 1.0 2012.0 ] : Q size 360, 9 take 3 milliseconds
36.0 availRes: Resources: [0.0 4.0 2048.0 ] : Q size 80, 2 take 0 milliseconds
36.0 availRes: Resources: [0.0 4.0 2048.0 ] : Q size 80, 2 take 0 milliseconds
36.0 availRes: Resources: [0.0 4.0 2048.0 ] : Q size 160, 4 take 1 milliseconds
36.0 availRes: Resources: [0.0 4.0 2048.0 ] : Q size 320, 8 take 2 milliseconds
36.0 availRes: Resources: [0.0 4.0 2048.0 ] : Q size 360, 9 take 2 milliseconds
37.0 availRes: Resources: [0.0 3.0 2036.0 ] : Q size 80, 2 take 0 milliseconds
37.0 availRes: Resources: [0.0 3.0 2036.0 ] : Q size 80, 2 take 0 milliseconds
37.0 availRes: Resources: [0.0 3.0 2036.0 ] : Q size 160, 4 take 0 milliseconds
37.0 availRes: Resources: [0.0 3.0 2036.0 ] : Q size 320, 8 take 1 milliseconds
37.0 availRes: Resources: [0.0 3.0 2036.0 ] : Q size 360, 9 take 2 milliseconds
41.0 availRes: Resources: [0.0 3.0 2036.0 ] : Q size 80, 2 take 1 milliseconds
41.0 availRes: Resources: [0.0 3.0 2036.0 ] : Q size 80, 2 take 0 milliseconds
41.0 availRes: Resources: [0.0 3.0 2036.0 ] : Q size 160, 4 take 0 milliseconds
41.0 availRes: Resources: [0.0 3.0 2036.0 ] : Q size 320, 8 take 2 milliseconds
41.0 availRes: Resources: [0.0 3.0 2036.0 ] : Q size 400, 10 take 1 milliseconds
43.0 availRes: Resources: [0.0 3.0 2036.0 ] : Q size 80, 2 take 0 milliseconds
43.0 availRes: Resources: [0.0 3.0 2036.0 ] : Q size 80, 2 take 0 milliseconds
43.0 availRes: Resources: [0.0 3.0 2036.0 ] : Q size 160, 4 take 0 milliseconds
43.0 availRes: Resources: [0.0 3.0 2036.0 ] : Q size 320, 8 take 1 milliseconds
43.0 availRes: Resources: [0.0 3.0 2036.0 ] : Q size 400, 10 take 1 milliseconds
44.0 availRes: Resources: [0.0 3.0 2036.0 ] : Q size 80, 2 take 1 milliseconds
44.0 availRes: Resources: [0.0 3.0 2036.0 ] : Q size 80, 2 take 0 milliseconds
44.0 availRes: Resources: [0.0 3.0 2036.0 ] : Q size 160, 4 take 0 milliseconds
44.0 availRes: Resources: [0.0 3.0 2036.0 ] : Q size 320, 8 take 1 milliseconds
44.0 availRes: Resources: [0.0 3.0 2036.0 ] : Q size 400, 10 take 1 milliseconds
46.0 availRes: Resources: [32.0 3.0 2052.0 ] : Q size 80, 2 take 0 milliseconds
46.0 availRes: Resources: [32.0 3.0 2052.0 ] : Q size 80, 2 take 0 milliseconds
46.0 availRes: Resources: [32.0 3.0 2052.0 ] : Q size 160, 4 take 1 milliseconds
46.0 availRes: Resources: [32.0 3.0 2052.0 ] : Q size 320, 8 take 1 milliseconds
46.0 availRes: Resources: [32.0 3.0 2052.0 ] : Q size 400, 10 take 1 milliseconds
47.0 availRes: Resources: [128.0 2.0 2088.0 ] : Q size 80, 2 take 1 milliseconds
47.0 availRes: Resources: [128.0 2.0 2088.0 ] : Q size 80, 2 take 0 milliseconds
47.0 availRes: Resources: [128.0 2.0 2088.0 ] : Q size 160, 4 take 0 milliseconds
47.0 availRes: Resources: [128.0 2.0 2088.0 ] : Q size 320, 8 take 0 milliseconds
47.0 availRes: Resources: [128.0 2.0 2088.0 ] : Q size 400, 10 take 1 milliseconds
48.0 availRes: Resources: [160.0 7.0 2164.0 ] : Q size 80, 2 take 0 milliseconds
48.0 availRes: Resources: [160.0 7.0 2164.0 ] : Q size 80, 2 take 0 milliseconds
48.0 availRes: Resources: [160.0 7.0 2164.0 ] : Q size 160, 4 take 0 milliseconds
48.0 availRes: Resources: [160.0 7.0 2164.0 ] : Q size 320, 8 take 1 milliseconds
48.0 availRes: Resources: [160.0 7.0 2164.0 ] : Q size 400, 10 take 1 milliseconds
49.0 availRes: Resources: [224.0 7.0 2196.0 ] : Q size 80, 2 take 1 milliseconds
49.0 availRes: Resources: [224.0 7.0 2196.0 ] : Q size 80, 2 take 0 milliseconds
49.0 availRes: Resources: [224.0 7.0 2196.0 ] : Q size 160, 4 take 0 milliseconds
49.0 availRes: Resources: [224.0 7.0 2196.0 ] : Q size 320, 8 take 1 milliseconds
49.0 availRes: Resources: [224.0 7.0 2196.0 ] : Q size 400, 10 take 1 milliseconds
50.0 availRes: Resources: [224.0 8.0 2208.0 ] : Q size 80, 2 take 0 milliseconds
50.0 availRes: Resources: [224.0 8.0 2208.0 ] : Q size 80, 2 take 1 milliseconds
50.0 availRes: Resources: [224.0 8.0 2208.0 ] : Q size 160, 4 take 0 milliseconds
50.0 availRes: Resources: [224.0 8.0 2208.0 ] : Q size 320, 8 take 0 milliseconds
50.0 availRes: Resources: [224.0 8.0 2208.0 ] : Q size 400, 10 take 0 milliseconds
51.0 availRes: Resources: [224.0 9.0 2220.0 ] : Q size 80, 2 take 0 milliseconds
51.0 availRes: Resources: [224.0 9.0 2220.0 ] : Q size 80, 2 take 0 milliseconds
51.0 availRes: Resources: [224.0 9.0 2220.0 ] : Q size 160, 4 take 0 milliseconds
51.0 availRes: Resources: [224.0 9.0 2220.0 ] : Q size 320, 8 take 1 milliseconds
51.0 availRes: Resources: [224.0 9.0 2220.0 ] : Q size 400, 10 take 0 milliseconds
52.0 availRes: Resources: [256.0 10.0 2248.0 ] : Q size 200, 5 take 0 milliseconds
52.0 availRes: Resources: [256.0 10.0 2248.0 ] : Q size 400, 10 take 2 milliseconds
52.0 availRes: Resources: [256.0 10.0 2248.0 ] : Q size 800, 20 take 5 milliseconds
52.0 availRes: Resources: [256.0 9.0 2246.0 ] : Q size 800, 20 take 4 milliseconds
52.0 availRes: Resources: [256.0 8.0 2244.0 ] : Q size 720, 18 take 2 milliseconds
52.0 availRes: Resources: [256.0 7.0 2242.0 ] : Q size 720, 18 take 3 milliseconds
52.0 availRes: Resources: [256.0 6.0 2240.0 ] : Q size 720, 18 take 2 milliseconds
52.0 availRes: Resources: [256.0 5.0 2238.0 ] : Q size 680, 17 take 2 milliseconds
52.0 availRes: Resources: [256.0 4.0 2236.0 ] : Q size 680, 17 take 12 milliseconds
52.0 availRes: Resources: [256.0 3.0 2234.0 ] : Q size 640, 16 take 10 milliseconds
52.0 availRes: Resources: [256.0 2.0 2232.0 ] : Q size 520, 13 take 2 milliseconds
52.0 availRes: Resources: [256.0 2.0 2232.0 ] : Q size 920, 23 take 38 milliseconds
52.0 availRes: Resources: [256.0 1.0 2230.0 ] : Q size 1000, 25 take 27 milliseconds
52.0 availRes: Resources: [256.0 0.0 2228.0 ] : Q size 960, 24 take 26 milliseconds
52.0 availRes: Resources: [256.0 0.0 2228.0 ] : Q size 1120, 28 take 44 milliseconds
57.0 availRes: Resources: [256.0 0.0 2228.0 ] : Q size 200, 5 take 0 milliseconds
57.0 availRes: Resources: [256.0 0.0 2228.0 ] : Q size 400, 10 take 0 milliseconds
57.0 availRes: Resources: [256.0 0.0 2228.0 ] : Q size 640, 16 take 6 milliseconds
57.0 availRes: Resources: [256.0 0.0 2228.0 ] : Q size 1040, 26 take 36 milliseconds
57.0 availRes: Resources: [256.0 0.0 2228.0 ] : Q size 1120, 28 take 40 milliseconds
59.0 availRes: Resources: [320.0 0.0 2260.0 ] : Q size 200, 5 take 0 milliseconds
59.0 availRes: Resources: [320.0 0.0 2260.0 ] : Q size 400, 10 take 1 milliseconds
59.0 availRes: Resources: [320.0 0.0 2260.0 ] : Q size 640, 16 take 6 milliseconds
59.0 availRes: Resources: [320.0 0.0 2260.0 ] : Q size 1040, 26 take 34 milliseconds
59.0 availRes: Resources: [320.0 0.0 2260.0 ] : Q size 1120, 28 take 41 milliseconds
63.0 availRes: Resources: [352.0 1.0 2288.0 ] : Q size 200, 5 take 0 milliseconds
63.0 availRes: Resources: [352.0 1.0 2288.0 ] : Q size 400, 10 take 1 milliseconds
63.0 availRes: Resources: [352.0 1.0 2288.0 ] : Q size 640, 16 take 6 milliseconds
63.0 availRes: Resources: [352.0 0.0 2286.0 ] : Q size 600, 15 take 5 milliseconds
63.0 availRes: Resources: [352.0 0.0 2286.0 ] : Q size 1000, 25 take 32 milliseconds
63.0 availRes: Resources: [352.0 0.0 2286.0 ] : Q size 1080, 27 take 40 milliseconds
64.0 availRes: Resources: [448.0 1.0 2346.0 ] : Q size 200, 5 take 0 milliseconds
64.0 availRes: Resources: [448.0 1.0 2346.0 ] : Q size 400, 10 take 1 milliseconds
64.0 availRes: Resources: [448.0 0.0 2344.0 ] : Q size 360, 9 take 1 milliseconds
64.0 availRes: Resources: [448.0 0.0 2344.0 ] : Q size 680, 17 take 12 milliseconds
64.0 availRes: Resources: [448.0 0.0 2344.0 ] : Q size 960, 24 take 32 milliseconds
64.0 availRes: Resources: [448.0 0.0 2344.0 ] : Q size 1040, 26 take 36 milliseconds
64.0 availRes: Resources: [416.0 0.0 2342.0 ] : Q size 1000, 25 take 33 milliseconds
64.0 availRes: Resources: [384.0 0.0 2327.0 ] : Q size 960, 24 take 28 milliseconds
65.0 availRes: Resources: [384.0 3.0 2363.0 ] : Q size 160, 4 take 0 milliseconds
65.0 availRes: Resources: [384.0 3.0 2363.0 ] : Q size 320, 8 take 1 milliseconds
65.0 availRes: Resources: [384.0 2.0 2361.0 ] : Q size 320, 8 take 1 milliseconds
65.0 availRes: Resources: [384.0 1.0 2359.0 ] : Q size 320, 8 take 1 milliseconds
65.0 availRes: Resources: [384.0 0.0 2357.0 ] : Q size 280, 7 take 0 milliseconds
65.0 availRes: Resources: [384.0 0.0 2357.0 ] : Q size 360, 9 take 1 milliseconds
65.0 availRes: Resources: [384.0 0.0 2357.0 ] : Q size 840, 21 take 22 milliseconds
65.0 availRes: Resources: [384.0 0.0 2357.0 ] : Q size 960, 24 take 33 milliseconds
65.0 availRes: Resources: [352.0 0.0 2343.0 ] : Q size 920, 23 take 28 milliseconds
66.0 availRes: Resources: [352.0 1.0 2355.0 ] : Q size 160, 4 take 0 milliseconds
66.0 availRes: Resources: [352.0 1.0 2355.0 ] : Q size 280, 7 take 1 milliseconds
66.0 availRes: Resources: [352.0 0.0 2353.0 ] : Q size 200, 5 take 0 milliseconds
66.0 availRes: Resources: [352.0 0.0 2353.0 ] : Q size 320, 8 take 0 milliseconds
66.0 availRes: Resources: [352.0 0.0 2353.0 ] : Q size 800, 20 take 19 milliseconds
66.0 availRes: Resources: [352.0 0.0 2353.0 ] : Q size 880, 22 take 25 milliseconds
68.0 availRes: Resources: [384.0 2.0 2393.0 ] : Q size 160, 4 take 0 milliseconds
68.0 availRes: Resources: [384.0 1.0 2391.0 ] : Q size 40, 1 take 0 milliseconds
68.0 availRes: Resources: [384.0 1.0 2391.0 ] : Q size 80, 2 take 0 milliseconds
68.0 availRes: Resources: [384.0 1.0 2391.0 ] : Q size 320, 8 take 1 milliseconds
68.0 availRes: Resources: [384.0 0.0 2389.0 ] : Q size 320, 8 take 1 milliseconds
68.0 availRes: Resources: [384.0 0.0 2389.0 ] : Q size 720, 18 take 14 milliseconds
68.0 availRes: Resources: [352.0 0.0 2379.0 ] : Q size 680, 17 take 13 milliseconds
68.0 availRes: Resources: [352.0 0.0 2379.0 ] : Q size 760, 19 take 33 milliseconds
74.0 availRes: Resources: [288.0 0.0 2347.0 ] : Q size 40, 1 take 1 milliseconds
74.0 availRes: Resources: [288.0 0.0 2347.0 ] : Q size 80, 2 take 0 milliseconds
74.0 availRes: Resources: [288.0 0.0 2347.0 ] : Q size 320, 8 take 1 milliseconds
74.0 availRes: Resources: [288.0 0.0 2347.0 ] : Q size 760, 19 take 19 milliseconds
74.0 availRes: Resources: [288.0 0.0 2347.0 ] : Q size 800, 20 take 21 milliseconds
75.0 availRes: Resources: [160.0 0.0 2273.0 ] : Q size 120, 3 take 0 milliseconds
75.0 availRes: Resources: [160.0 0.0 2273.0 ] : Q size 200, 5 take 1 milliseconds
75.0 availRes: Resources: [160.0 0.0 2273.0 ] : Q size 400, 10 take 1 milliseconds
75.0 availRes: Resources: [160.0 0.0 2273.0 ] : Q size 840, 21 take 23 milliseconds
75.0 availRes: Resources: [160.0 0.0 2273.0 ] : Q size 880, 22 take 28 milliseconds
76.0 availRes: Resources: [96.0 0.0 2241.0 ] : Q size 120, 3 take 0 milliseconds
76.0 availRes: Resources: [96.0 0.0 2241.0 ] : Q size 200, 5 take 0 milliseconds
76.0 availRes: Resources: [96.0 0.0 2241.0 ] : Q size 400, 10 take 1 milliseconds
76.0 availRes: Resources: [96.0 0.0 2241.0 ] : Q size 840, 21 take 24 milliseconds
76.0 availRes: Resources: [96.0 0.0 2241.0 ] : Q size 880, 22 take 26 milliseconds
77.0 availRes: Resources: [160.0 0.0 2263.0 ] : Q size 120, 3 take 0 milliseconds
77.0 availRes: Resources: [160.0 0.0 2263.0 ] : Q size 240, 6 take 0 milliseconds
77.0 availRes: Resources: [160.0 0.0 2263.0 ] : Q size 480, 12 take 3 milliseconds
77.0 availRes: Resources: [160.0 0.0 2263.0 ] : Q size 920, 23 take 30 milliseconds
77.0 availRes: Resources: [160.0 0.0 2263.0 ] : Q size 960, 24 take 46 milliseconds
78.0 availRes: Resources: [224.0 0.0 2295.0 ] : Q size 120, 3 take 0 milliseconds
78.0 availRes: Resources: [224.0 0.0 2295.0 ] : Q size 240, 6 take 0 milliseconds
78.0 availRes: Resources: [224.0 0.0 2295.0 ] : Q size 480, 12 take 3 milliseconds
78.0 availRes: Resources: [224.0 0.0 2295.0 ] : Q size 920, 23 take 31 milliseconds
78.0 availRes: Resources: [224.0 0.0 2295.0 ] : Q size 960, 24 take 36 milliseconds
79.0 availRes: Resources: [320.0 0.0 2343.0 ] : Q size 120, 3 take 0 milliseconds
79.0 availRes: Resources: [320.0 0.0 2343.0 ] : Q size 240, 6 take 1 milliseconds
79.0 availRes: Resources: [320.0 0.0 2343.0 ] : Q size 480, 12 take 3 milliseconds
79.0 availRes: Resources: [320.0 0.0 2343.0 ] : Q size 920, 23 take 34 milliseconds
79.0 availRes: Resources: [288.0 0.0 2337.0 ] : Q size 880, 22 take 27 milliseconds
79.0 availRes: Resources: [288.0 0.0 2337.0 ] : Q size 920, 23 take 31 milliseconds
79.0 availRes: Resources: [256.0 0.0 2325.0 ] : Q size 880, 22 take 31 milliseconds
80.0 availRes: Resources: [288.0 0.0 2341.0 ] : Q size 120, 3 take 0 milliseconds
80.0 availRes: Resources: [288.0 0.0 2341.0 ] : Q size 240, 6 take 0 milliseconds
80.0 availRes: Resources: [288.0 0.0 2341.0 ] : Q size 480, 12 take 5 milliseconds
80.0 availRes: Resources: [288.0 0.0 2341.0 ] : Q size 880, 22 take 28 milliseconds
80.0 availRes: Resources: [256.0 0.0 2330.0 ] : Q size 840, 21 take 25 milliseconds
80.0 availRes: Resources: [256.0 0.0 2330.0 ] : Q size 880, 22 take 27 milliseconds
80.0 availRes: Resources: [224.0 0.0 2314.0 ] : Q size 840, 21 take 25 milliseconds
81.0 availRes: Resources: [224.0 0.0 2314.0 ] : Q size 120, 3 take 0 milliseconds
81.0 availRes: Resources: [224.0 0.0 2314.0 ] : Q size 240, 6 take 1 milliseconds
81.0 availRes: Resources: [224.0 0.0 2314.0 ] : Q size 480, 12 take 3 milliseconds
81.0 availRes: Resources: [224.0 0.0 2314.0 ] : Q size 840, 21 take 23 milliseconds
81.0 availRes: Resources: [224.0 0.0 2314.0 ] : Q size 920, 23 take 33 milliseconds
82.0 availRes: Resources: [224.0 0.0 2314.0 ] : Q size 160, 4 take 1 milliseconds
82.0 availRes: Resources: [224.0 0.0 2314.0 ] : Q size 280, 7 take 1 milliseconds
82.0 availRes: Resources: [224.0 0.0 2314.0 ] : Q size 520, 13 take 4 milliseconds
82.0 availRes: Resources: [224.0 0.0 2314.0 ] : Q size 880, 22 take 28 milliseconds
82.0 availRes: Resources: [224.0 0.0 2314.0 ] : Q size 960, 24 take 41 milliseconds
88.0 availRes: Resources: [256.0 0.0 2330.0 ] : Q size 160, 4 take 0 milliseconds
88.0 availRes: Resources: [256.0 0.0 2330.0 ] : Q size 280, 7 take 1 milliseconds
88.0 availRes: Resources: [256.0 0.0 2330.0 ] : Q size 520, 13 take 4 milliseconds
88.0 availRes: Resources: [256.0 0.0 2330.0 ] : Q size 880, 22 take 26 milliseconds
88.0 availRes: Resources: [224.0 0.0 2322.0 ] : Q size 840, 21 take 25 milliseconds
88.0 availRes: Resources: [224.0 0.0 2322.0 ] : Q size 920, 23 take 32 milliseconds
89.0 availRes: Resources: [224.0 0.0 2312.0 ] : Q size 160, 4 take 0 milliseconds
89.0 availRes: Resources: [224.0 0.0 2312.0 ] : Q size 320, 8 take 1 milliseconds
89.0 availRes: Resources: [224.0 0.0 2312.0 ] : Q size 560, 14 take 6 milliseconds
89.0 availRes: Resources: [224.0 0.0 2312.0 ] : Q size 840, 21 take 23 milliseconds
89.0 availRes: Resources: [224.0 0.0 2312.0 ] : Q size 920, 23 take 31 milliseconds
90.0 availRes: Resources: [288.0 0.0 2344.0 ] : Q size 160, 4 take 0 milliseconds
90.0 availRes: Resources: [288.0 0.0 2344.0 ] : Q size 320, 8 take 1 milliseconds
90.0 availRes: Resources: [288.0 0.0 2344.0 ] : Q size 560, 14 take 5 milliseconds
90.0 availRes: Resources: [288.0 0.0 2344.0 ] : Q size 840, 21 take 20 milliseconds
90.0 availRes: Resources: [256.0 0.0 2336.0 ] : Q size 800, 20 take 18 milliseconds
90.0 availRes: Resources: [224.0 0.0 2323.0 ] : Q size 760, 19 take 17 milliseconds
90.0 availRes: Resources: [224.0 0.0 2323.0 ] : Q size 840, 21 take 24 milliseconds
91.0 availRes: Resources: [224.0 1.0 2325.0 ] : Q size 160, 4 take 0 milliseconds
91.0 availRes: Resources: [224.0 1.0 2325.0 ] : Q size 320, 8 take 1 milliseconds
91.0 availRes: Resources: [224.0 0.0 2323.0 ] : Q size 280, 7 take 0 milliseconds
91.0 availRes: Resources: [224.0 0.0 2323.0 ] : Q size 520, 13 take 5 milliseconds
91.0 availRes: Resources: [224.0 0.0 2323.0 ] : Q size 720, 18 take 15 milliseconds
91.0 availRes: Resources: [224.0 0.0 2323.0 ] : Q size 800, 20 take 22 milliseconds
93.0 availRes: Resources: [224.0 1.0 2325.0 ] : Q size 160, 4 take 0 milliseconds
93.0 availRes: Resources: [224.0 1.0 2325.0 ] : Q size 280, 7 take 1 milliseconds
93.0 availRes: Resources: [224.0 0.0 2323.0 ] : Q size 280, 7 take 1 milliseconds
93.0 availRes: Resources: [224.0 0.0 2323.0 ] : Q size 480, 12 take 4 milliseconds
93.0 availRes: Resources: [224.0 0.0 2323.0 ] : Q size 680, 17 take 13 milliseconds
93.0 availRes: Resources: [224.0 0.0 2323.0 ] : Q size 760, 19 take 19 milliseconds
94.0 availRes: Resources: [224.0 1.0 2335.0 ] : Q size 160, 4 take 0 milliseconds
94.0 availRes: Resources: [224.0 1.0 2335.0 ] : Q size 280, 7 take 0 milliseconds
94.0 availRes: Resources: [224.0 0.0 2333.0 ] : Q size 280, 7 take 0 milliseconds
94.0 availRes: Resources: [224.0 0.0 2333.0 ] : Q size 440, 11 take 3 milliseconds
94.0 availRes: Resources: [224.0 0.0 2333.0 ] : Q size 720, 18 take 16 milliseconds
94.0 availRes: Resources: [224.0 0.0 2333.0 ] : Q size 760, 19 take 17 milliseconds
94.0 availRes: Resources: [192.0 0.0 2328.0 ] : Q size 720, 18 take 16 milliseconds
96.0 availRes: Resources: [160.0 0.0 2312.0 ] : Q size 160, 4 take 0 milliseconds
96.0 availRes: Resources: [160.0 0.0 2312.0 ] : Q size 280, 7 take 1 milliseconds
96.0 availRes: Resources: [160.0 0.0 2312.0 ] : Q size 440, 11 take 3 milliseconds
96.0 availRes: Resources: [160.0 0.0 2312.0 ] : Q size 640, 16 take 10 milliseconds
96.0 availRes: Resources: [160.0 0.0 2312.0 ] : Q size 720, 18 take 15 milliseconds
97.0 availRes: Resources: [64.0 0.0 2264.0 ] : Q size 160, 4 take 0 milliseconds
97.0 availRes: Resources: [64.0 0.0 2264.0 ] : Q size 280, 7 take 1 milliseconds
97.0 availRes: Resources: [64.0 0.0 2264.0 ] : Q size 440, 11 take 2 milliseconds
97.0 availRes: Resources: [64.0 0.0 2264.0 ] : Q size 640, 16 take 11 milliseconds
97.0 availRes: Resources: [64.0 0.0 2264.0 ] : Q size 720, 18 take 16 milliseconds
98.0 availRes: Resources: [32.0 0.0 2248.0 ] : Q size 160, 4 take 0 milliseconds
98.0 availRes: Resources: [32.0 0.0 2248.0 ] : Q size 280, 7 take 0 milliseconds
98.0 availRes: Resources: [32.0 0.0 2248.0 ] : Q size 440, 11 take 3 milliseconds
98.0 availRes: Resources: [32.0 0.0 2248.0 ] : Q size 640, 16 take 10 milliseconds
98.0 availRes: Resources: [32.0 0.0 2248.0 ] : Q size 720, 18 take 15 milliseconds
99.0 availRes: Resources: [32.0 0.0 2248.0 ] : Q size 160, 4 take 0 milliseconds
99.0 availRes: Resources: [32.0 0.0 2248.0 ] : Q size 280, 7 take 1 milliseconds
99.0 availRes: Resources: [32.0 0.0 2248.0 ] : Q size 440, 11 take 3 milliseconds
99.0 availRes: Resources: [32.0 0.0 2248.0 ] : Q size 640, 16 take 10 milliseconds
99.0 availRes: Resources: [32.0 0.0 2248.0 ] : Q size 720, 18 take 17 milliseconds
100.0 availRes: Resources: [64.0 0.0 2264.0 ] : Q size 160, 4 take 0 milliseconds
100.0 availRes: Resources: [64.0 0.0 2264.0 ] : Q size 280, 7 take 0 milliseconds
100.0 availRes: Resources: [64.0 0.0 2264.0 ] : Q size 480, 12 take 3 milliseconds
100.0 availRes: Resources: [64.0 0.0 2264.0 ] : Q size 680, 17 take 14 milliseconds
100.0 availRes: Resources: [64.0 0.0 2264.0 ] : Q size 760, 19 take 20 milliseconds
101.0 availRes: Resources: [64.0 0.0 2254.0 ] : Q size 160, 4 take 0 milliseconds
101.0 availRes: Resources: [64.0 0.0 2254.0 ] : Q size 280, 7 take 1 milliseconds
101.0 availRes: Resources: [64.0 0.0 2254.0 ] : Q size 480, 12 take 4 milliseconds
101.0 availRes: Resources: [64.0 0.0 2254.0 ] : Q size 720, 18 take 17 milliseconds
101.0 availRes: Resources: [64.0 0.0 2254.0 ] : Q size 760, 19 take 23 milliseconds
103.0 availRes: Resources: [64.0 0.0 2244.0 ] : Q size 160, 4 take 0 milliseconds
103.0 availRes: Resources: [64.0 0.0 2244.0 ] : Q size 240, 6 take 0 milliseconds
103.0 availRes: Resources: [64.0 0.0 2244.0 ] : Q size 480, 12 take 5 milliseconds
103.0 availRes: Resources: [64.0 0.0 2244.0 ] : Q size 720, 18 take 24 milliseconds
103.0 availRes: Resources: [64.0 0.0 2244.0 ] : Q size 760, 19 take 20 milliseconds
105.0 availRes: Resources: [32.0 0.0 2228.0 ] : Q size 160, 4 take 0 milliseconds
105.0 availRes: Resources: [32.0 0.0 2228.0 ] : Q size 240, 6 take 0 milliseconds
105.0 availRes: Resources: [32.0 0.0 2228.0 ] : Q size 480, 12 take 3 milliseconds
105.0 availRes: Resources: [32.0 0.0 2228.0 ] : Q size 720, 18 take 15 milliseconds
105.0 availRes: Resources: [32.0 0.0 2228.0 ] : Q size 760, 19 take 20 milliseconds
106.0 availRes: Resources: [64.0 0.0 2244.0 ] : Q size 160, 4 take 1 milliseconds
106.0 availRes: Resources: [64.0 0.0 2244.0 ] : Q size 240, 6 take 0 milliseconds
106.0 availRes: Resources: [64.0 0.0 2244.0 ] : Q size 480, 12 take 3 milliseconds
106.0 availRes: Resources: [64.0 0.0 2244.0 ] : Q size 720, 18 take 16 milliseconds
106.0 availRes: Resources: [64.0 0.0 2244.0 ] : Q size 760, 19 take 19 milliseconds
112.0 availRes: Resources: [64.0 0.0 2234.0 ] : Q size 80, 2 take 0 milliseconds
112.0 availRes: Resources: [64.0 0.0 2234.0 ] : Q size 240, 6 take 1 milliseconds
112.0 availRes: Resources: [64.0 0.0 2234.0 ] : Q size 480, 12 take 2 milliseconds
112.0 availRes: Resources: [64.0 0.0 2234.0 ] : Q size 720, 18 take 13 milliseconds
112.0 availRes: Resources: [64.0 0.0 2234.0 ] : Q size 760, 19 take 15 milliseconds
113.0 availRes: Resources: [128.0 1.0 2278.0 ] : Q size 80, 2 take 0 milliseconds
113.0 availRes: Resources: [128.0 1.0 2278.0 ] : Q size 240, 6 take 0 milliseconds
113.0 availRes: Resources: [128.0 1.0 2278.0 ] : Q size 480, 12 take 2 milliseconds
113.0 availRes: Resources: [128.0 0.0 2276.0 ] : Q size 440, 11 take 2 milliseconds
113.0 availRes: Resources: [128.0 0.0 2276.0 ] : Q size 680, 17 take 12 milliseconds
113.0 availRes: Resources: [128.0 0.0 2276.0 ] : Q size 720, 18 take 15 milliseconds
115.0 availRes: Resources: [128.0 1.0 2278.0 ] : Q size 80, 2 take 0 milliseconds
115.0 availRes: Resources: [128.0 1.0 2278.0 ] : Q size 240, 6 take 1 milliseconds
115.0 availRes: Resources: [128.0 1.0 2278.0 ] : Q size 440, 11 take 3 milliseconds
115.0 availRes: Resources: [128.0 0.0 2276.0 ] : Q size 400, 10 take 1 milliseconds
115.0 availRes: Resources: [128.0 0.0 2276.0 ] : Q size 640, 16 take 15 milliseconds
115.0 availRes: Resources: [128.0 0.0 2276.0 ] : Q size 680, 17 take 16 milliseconds
117.0 availRes: Resources: [128.0 1.0 2288.0 ] : Q size 80, 2 take 0 milliseconds
117.0 availRes: Resources: [128.0 1.0 2288.0 ] : Q size 240, 6 take 0 milliseconds
117.0 availRes: Resources: [128.0 0.0 2286.0 ] : Q size 200, 5 take 0 milliseconds
117.0 availRes: Resources: [128.0 0.0 2286.0 ] : Q size 360, 9 take 2 milliseconds
117.0 availRes: Resources: [128.0 0.0 2286.0 ] : Q size 600, 15 take 9 milliseconds
117.0 availRes: Resources: [128.0 0.0 2286.0 ] : Q size 640, 16 take 11 milliseconds
120.0 availRes: Resources: [128.0 2.0 2300.0 ] : Q size 80, 2 take 0 milliseconds
120.0 availRes: Resources: [128.0 2.0 2300.0 ] : Q size 200, 5 take 0 milliseconds
120.0 availRes: Resources: [128.0 1.0 2298.0 ] : Q size 160, 4 take 0 milliseconds
120.0 availRes: Resources: [128.0 1.0 2298.0 ] : Q size 400, 10 take 1 milliseconds
120.0 availRes: Resources: [128.0 0.0 2296.0 ] : Q size 360, 9 take 2 milliseconds
120.0 availRes: Resources: [128.0 0.0 2296.0 ] : Q size 600, 15 take 10 milliseconds
120.0 availRes: Resources: [128.0 0.0 2296.0 ] : Q size 680, 17 take 14 milliseconds
121.0 availRes: Resources: [160.0 0.0 2312.0 ] : Q size 80, 2 take 0 milliseconds
121.0 availRes: Resources: [160.0 0.0 2312.0 ] : Q size 160, 4 take 0 milliseconds
121.0 availRes: Resources: [160.0 0.0 2312.0 ] : Q size 360, 9 take 2 milliseconds
121.0 availRes: Resources: [160.0 0.0 2312.0 ] : Q size 600, 15 take 9 milliseconds
121.0 availRes: Resources: [160.0 0.0 2312.0 ] : Q size 680, 17 take 13 milliseconds
125.0 availRes: Resources: [160.0 1.0 2314.0 ] : Q size 80, 2 take 0 milliseconds
125.0 availRes: Resources: [160.0 1.0 2314.0 ] : Q size 160, 4 take 0 milliseconds
125.0 availRes: Resources: [160.0 1.0 2314.0 ] : Q size 360, 9 take 2 milliseconds
125.0 availRes: Resources: [160.0 0.0 2312.0 ] : Q size 320, 8 take 2 milliseconds
125.0 availRes: Resources: [160.0 0.0 2312.0 ] : Q size 560, 14 take 7 milliseconds
125.0 availRes: Resources: [160.0 0.0 2312.0 ] : Q size 640, 16 take 12 milliseconds
128.0 availRes: Resources: [160.0 2.0 2326.0 ] : Q size 80, 2 take 0 milliseconds
128.0 availRes: Resources: [160.0 2.0 2326.0 ] : Q size 160, 4 take 0 milliseconds
128.0 availRes: Resources: [160.0 1.0 2324.0 ] : Q size 160, 4 take 1 milliseconds
128.0 availRes: Resources: [160.0 0.0 2322.0 ] : Q size 120, 3 take 0 milliseconds
128.0 availRes: Resources: [160.0 0.0 2322.0 ] : Q size 240, 6 take 0 milliseconds
128.0 availRes: Resources: [160.0 0.0 2322.0 ] : Q size 480, 12 take 4 milliseconds
128.0 availRes: Resources: [160.0 0.0 2322.0 ] : Q size 560, 14 take 7 milliseconds
129.0 availRes: Resources: [192.0 0.0 2338.0 ] : Q size 80, 2 take 0 milliseconds
129.0 availRes: Resources: [192.0 0.0 2338.0 ] : Q size 120, 3 take 0 milliseconds
129.0 availRes: Resources: [192.0 0.0 2338.0 ] : Q size 240, 6 take 0 milliseconds
129.0 availRes: Resources: [192.0 0.0 2338.0 ] : Q size 480, 12 take 5 milliseconds
129.0 availRes: Resources: [160.0 0.0 2337.0 ] : Q size 480, 12 take 5 milliseconds
129.0 availRes: Resources: [160.0 0.0 2337.0 ] : Q size 520, 13 take 6 milliseconds
130.0 availRes: Resources: [128.0 1.0 2323.0 ] : Q size 80, 2 take 0 milliseconds
130.0 availRes: Resources: [128.0 1.0 2323.0 ] : Q size 120, 3 take 0 milliseconds
130.0 availRes: Resources: [128.0 1.0 2323.0 ] : Q size 240, 6 take 1 milliseconds
130.0 availRes: Resources: [128.0 0.0 2321.0 ] : Q size 200, 5 take 0 milliseconds
130.0 availRes: Resources: [128.0 0.0 2321.0 ] : Q size 440, 11 take 5 milliseconds
130.0 availRes: Resources: [128.0 0.0 2321.0 ] : Q size 480, 12 take 5 milliseconds
131.0 availRes: Resources: [128.0 1.0 2313.0 ] : Q size 80, 2 take 0 milliseconds
131.0 availRes: Resources: [128.0 1.0 2313.0 ] : Q size 120, 3 take 0 milliseconds
131.0 availRes: Resources: [128.0 1.0 2313.0 ] : Q size 200, 5 take 0 milliseconds
131.0 availRes: Resources: [128.0 1.0 2313.0 ] : Q size 440, 11 take 3 milliseconds
131.0 availRes: Resources: [128.0 0.0 2311.0 ] : Q size 400, 10 take 3 milliseconds
131.0 availRes: Resources: [128.0 0.0 2311.0 ] : Q size 440, 11 take 4 milliseconds
134.0 availRes: Resources: [128.0 1.0 2323.0 ] : Q size 80, 2 take 0 milliseconds
134.0 availRes: Resources: [128.0 1.0 2323.0 ] : Q size 120, 3 take 0 milliseconds
134.0 availRes: Resources: [128.0 1.0 2323.0 ] : Q size 320, 8 take 1 milliseconds
134.0 availRes: Resources: [128.0 0.0 2321.0 ] : Q size 280, 7 take 1 milliseconds
134.0 availRes: Resources: [128.0 0.0 2321.0 ] : Q size 440, 11 take 4 milliseconds
134.0 availRes: Resources: [128.0 0.0 2321.0 ] : Q size 480, 12 take 5 milliseconds
135.0 availRes: Resources: [96.0 0.0 2305.0 ] : Q size 80, 2 take 0 milliseconds
135.0 availRes: Resources: [96.0 0.0 2305.0 ] : Q size 120, 3 take 0 milliseconds
135.0 availRes: Resources: [96.0 0.0 2305.0 ] : Q size 280, 7 take 0 milliseconds
135.0 availRes: Resources: [96.0 0.0 2305.0 ] : Q size 440, 11 take 3 milliseconds
135.0 availRes: Resources: [96.0 0.0 2305.0 ] : Q size 480, 12 take 4 milliseconds
144.0 availRes: Resources: [32.0 0.0 2253.0 ] : Q size 80, 2 take 0 milliseconds
144.0 availRes: Resources: [32.0 0.0 2253.0 ] : Q size 120, 3 take 0 milliseconds
144.0 availRes: Resources: [32.0 0.0 2253.0 ] : Q size 280, 7 take 1 milliseconds
144.0 availRes: Resources: [32.0 0.0 2253.0 ] : Q size 480, 12 take 3 milliseconds
144.0 availRes: Resources: [32.0 0.0 2253.0 ] : Q size 520, 13 take 4 milliseconds
145.0 availRes: Resources: [64.0 0.0 2269.0 ] : Q size 80, 2 take 0 milliseconds
145.0 availRes: Resources: [64.0 0.0 2269.0 ] : Q size 120, 3 take 0 milliseconds
145.0 availRes: Resources: [64.0 0.0 2269.0 ] : Q size 280, 7 take 0 milliseconds
145.0 availRes: Resources: [64.0 0.0 2269.0 ] : Q size 480, 12 take 4 milliseconds
145.0 availRes: Resources: [64.0 0.0 2269.0 ] : Q size 520, 13 take 5 milliseconds
146.0 availRes: Resources: [64.0 0.0 2269.0 ] : Q size 120, 3 take 0 milliseconds
146.0 availRes: Resources: [64.0 0.0 2269.0 ] : Q size 160, 4 take 0 milliseconds
146.0 availRes: Resources: [64.0 0.0 2269.0 ] : Q size 360, 9 take 2 milliseconds
146.0 availRes: Resources: [64.0 0.0 2269.0 ] : Q size 600, 15 take 8 milliseconds
146.0 availRes: Resources: [64.0 0.0 2269.0 ] : Q size 640, 16 take 9 milliseconds
147.0 availRes: Resources: [128.0 0.0 2301.0 ] : Q size 120, 3 take 0 milliseconds
147.0 availRes: Resources: [128.0 0.0 2301.0 ] : Q size 160, 4 take 1 milliseconds
147.0 availRes: Resources: [128.0 0.0 2301.0 ] : Q size 360, 9 take 1 milliseconds
147.0 availRes: Resources: [128.0 0.0 2301.0 ] : Q size 600, 15 take 8 milliseconds
147.0 availRes: Resources: [128.0 0.0 2301.0 ] : Q size 640, 16 take 9 milliseconds
147.0 availRes: Resources: [96.0 0.0 2289.0 ] : Q size 600, 15 take 7 milliseconds
148.0 availRes: Resources: [96.0 2.0 2313.0 ] : Q size 120, 3 take 0 milliseconds
148.0 availRes: Resources: [96.0 2.0 2313.0 ] : Q size 200, 5 take 0 milliseconds
148.0 availRes: Resources: [96.0 1.0 2311.0 ] : Q size 160, 4 take 1 milliseconds
148.0 availRes: Resources: [96.0 1.0 2311.0 ] : Q size 280, 7 take 0 milliseconds
148.0 availRes: Resources: [96.0 0.0 2309.0 ] : Q size 240, 6 take 1 milliseconds
148.0 availRes: Resources: [96.0 0.0 2309.0 ] : Q size 560, 14 take 7 milliseconds
148.0 availRes: Resources: [96.0 0.0 2309.0 ] : Q size 600, 15 take 9 milliseconds
150.0 availRes: Resources: [64.0 0.0 2293.0 ] : Q size 120, 3 take 0 milliseconds
150.0 availRes: Resources: [64.0 0.0 2293.0 ] : Q size 160, 4 take 1 milliseconds
150.0 availRes: Resources: [64.0 0.0 2293.0 ] : Q size 360, 9 take 1 milliseconds
150.0 availRes: Resources: [64.0 0.0 2293.0 ] : Q size 560, 14 take 8 milliseconds
150.0 availRes: Resources: [64.0 0.0 2293.0 ] : Q size 600, 15 take 9 milliseconds
151.0 availRes: Resources: [64.0 0.0 2283.0 ] : Q size 120, 3 take 0 milliseconds
151.0 availRes: Resources: [64.0 0.0 2283.0 ] : Q size 160, 4 take 0 milliseconds
151.0 availRes: Resources: [64.0 0.0 2283.0 ] : Q size 360, 9 take 1 milliseconds
151.0 availRes: Resources: [64.0 0.0 2283.0 ] : Q size 560, 14 take 7 milliseconds
151.0 availRes: Resources: [64.0 0.0 2283.0 ] : Q size 600, 15 take 9 milliseconds
154.0 availRes: Resources: [64.0 1.0 2285.0 ] : Q size 120, 3 take 0 milliseconds
154.0 availRes: Resources: [64.0 1.0 2285.0 ] : Q size 160, 4 take 0 milliseconds
154.0 availRes: Resources: [64.0 1.0 2285.0 ] : Q size 320, 8 take 1 milliseconds
154.0 availRes: Resources: [64.0 0.0 2283.0 ] : Q size 360, 9 take 2 milliseconds
154.0 availRes: Resources: [64.0 0.0 2283.0 ] : Q size 520, 13 take 6 milliseconds
154.0 availRes: Resources: [64.0 0.0 2283.0 ] : Q size 560, 14 take 10 milliseconds
161.0 availRes: Resources: [96.0 1.0 2311.0 ] : Q size 120, 3 take 0 milliseconds
161.0 availRes: Resources: [96.0 1.0 2311.0 ] : Q size 160, 4 take 0 milliseconds
161.0 availRes: Resources: [96.0 0.0 2309.0 ] : Q size 120, 3 take 0 milliseconds
161.0 availRes: Resources: [96.0 0.0 2309.0 ] : Q size 320, 8 take 4 milliseconds
161.0 availRes: Resources: [96.0 0.0 2309.0 ] : Q size 520, 13 take 13 milliseconds
161.0 availRes: Resources: [96.0 0.0 2309.0 ] : Q size 560, 14 take 13 milliseconds
161.0 availRes: Resources: [64.0 0.0 2293.0 ] : Q size 520, 13 take 12 milliseconds
166.0 availRes: Resources: [96.0 0.0 2309.0 ] : Q size 120, 3 take 0 milliseconds
166.0 availRes: Resources: [96.0 0.0 2309.0 ] : Q size 200, 5 take 1 milliseconds
166.0 availRes: Resources: [96.0 0.0 2309.0 ] : Q size 320, 8 take 2 milliseconds
166.0 availRes: Resources: [96.0 0.0 2309.0 ] : Q size 440, 11 take 5 milliseconds
166.0 availRes: Resources: [96.0 0.0 2309.0 ] : Q size 520, 13 take 6 milliseconds
166.0 availRes: Resources: [64.0 0.0 2306.0 ] : Q size 480, 12 take 5 milliseconds
168.0 availRes: Resources: [96.0 0.0 2322.0 ] : Q size 120, 3 take 0 milliseconds
168.0 availRes: Resources: [96.0 0.0 2322.0 ] : Q size 200, 5 take 0 milliseconds
168.0 availRes: Resources: [96.0 0.0 2322.0 ] : Q size 320, 8 take 3 milliseconds
168.0 availRes: Resources: [96.0 0.0 2322.0 ] : Q size 440, 11 take 5 milliseconds
168.0 availRes: Resources: [96.0 0.0 2322.0 ] : Q size 480, 12 take 5 milliseconds
168.0 availRes: Resources: [64.0 0.0 2313.0 ] : Q size 440, 11 take 4 milliseconds
170.0 availRes: Resources: [64.0 1.0 2325.0 ] : Q size 120, 3 take 0 milliseconds
170.0 availRes: Resources: [64.0 0.0 2323.0 ] : Q size 80, 2 take 0 milliseconds
170.0 availRes: Resources: [64.0 0.0 2323.0 ] : Q size 80, 2 take 0 milliseconds
170.0 availRes: Resources: [64.0 0.0 2323.0 ] : Q size 160, 4 take 0 milliseconds
170.0 availRes: Resources: [64.0 0.0 2323.0 ] : Q size 360, 9 take 2 milliseconds
170.0 availRes: Resources: [64.0 0.0 2323.0 ] : Q size 400, 10 take 3 milliseconds
193.0 availRes: Resources: [0.0 1.0 2243.0 ] : Q size 80, 2 take 0 milliseconds
193.0 availRes: Resources: [0.0 1.0 2243.0 ] : Q size 80, 2 take 0 milliseconds
193.0 availRes: Resources: [0.0 1.0 2243.0 ] : Q size 200, 5 take 0 milliseconds
193.0 availRes: Resources: [0.0 1.0 2243.0 ] : Q size 400, 10 take 1 milliseconds
198.0 availRes: Resources: [0.0 1.0 2253.0 ] : Q size 80, 2 take 1 milliseconds
198.0 availRes: Resources: [0.0 1.0 2253.0 ] : Q size 80, 2 take 0 milliseconds
198.0 availRes: Resources: [0.0 1.0 2253.0 ] : Q size 200, 5 take 0 milliseconds
198.0 availRes: Resources: [0.0 1.0 2253.0 ] : Q size 360, 9 take 0 milliseconds
198.0 availRes: Resources: [0.0 1.0 2253.0 ] : Q size 480, 12 take 3 milliseconds
199.0 availRes: Resources: [0.0 1.0 2253.0 ] : Q size 80, 2 take 0 milliseconds
199.0 availRes: Resources: [0.0 1.0 2253.0 ] : Q size 80, 2 take 0 milliseconds
199.0 availRes: Resources: [0.0 1.0 2253.0 ] : Q size 200, 5 take 0 milliseconds
199.0 availRes: Resources: [0.0 1.0 2253.0 ] : Q size 360, 9 take 0 milliseconds
199.0 availRes: Resources: [0.0 1.0 2253.0 ] : Q size 440, 11 take 1 milliseconds
200.0 availRes: Resources: [0.0 2.0 2275.0 ] : Q size 80, 2 take 0 milliseconds
200.0 availRes: Resources: [0.0 2.0 2275.0 ] : Q size 80, 2 take 0 milliseconds
200.0 availRes: Resources: [0.0 2.0 2275.0 ] : Q size 200, 5 take 1 milliseconds
200.0 availRes: Resources: [0.0 2.0 2275.0 ] : Q size 360, 9 take 0 milliseconds
200.0 availRes: Resources: [0.0 1.0 2273.0 ] : Q size 320, 8 take 1 milliseconds
2321.0 availRes: Resources: [64.0 0.0 2032.0 ] : Q size 4880, 122 take 4861 milliseconds
6434.0 availRes: Resources: [0.0 3.0 2345.0 ] : Q size 6560, 164 take 17258 milliseconds
6434.0 availRes: Resources: [0.0 2.0 2343.0 ] : Q size 2000, 50 take 480 milliseconds
2321.0 availRes: Resources: [32.0 0.0 2026.0 ] : Q size 4960, 124 take 5162 milliseconds
2322.0 availRes: Resources: [32.0 0.0 2027.0 ] : Q size 4880, 122 take 4889 milliseconds
2324.0 availRes: Resources: [32.0 0.0 2029.0 ] : Q size 4840, 121 take 4815 milliseconds
2328.0 availRes: Resources: [32.0 0.0 2034.0 ] : Q size 4880, 122 take 5090 milliseconds
2335.0 availRes: Resources: [32.0 0.0 2041.0 ] : Q size 1720, 43 take 79 milliseconds
2337.0 availRes: Resources: [0.0 1.0 2045.0 ] : Q size 1720, 43 take 80 milliseconds
2338.0 availRes: Resources: [32.0 0.0 2059.0 ] : Q size 1720, 43 take 92 milliseconds
2358.0 availRes: Resources: [32.0 2.0 2098.0 ] : Q size 1680, 42 take 135 milliseconds
2358.0 availRes: Resources: [0.0 2.0 2092.0 ] : Q size 1640, 41 take 98 milliseconds
2358.0 availRes: Resources: [0.0 1.0 2090.0 ] : Q size 5080, 127 take 6214 milliseconds
2359.0 availRes: Resources: [64.0 0.0 2120.0 ] : Q size 5160, 129 take 6412 milliseconds
2359.0 availRes: Resources: [32.0 0.0 2109.0 ] : Q size 5040, 126 take 6084 milliseconds
2361.0 availRes: Resources: [0.0 1.0 2114.0 ] : Q size 5080, 127 take 6450 milliseconds
6434.0 availRes: Resources: [0.0 1.0 2341.0 ] : Q size 9160, 229 take 46490 milliseconds
2362.0 availRes: Resources: [0.0 1.0 2124.0 ] : Q size 5080, 127 take 6416 milliseconds
2366.0 availRes: Resources: [0.0 4.0 2160.0 ] : Q size 5040, 126 take 6199 milliseconds
2366.0 availRes: Resources: [0.0 3.0 2158.0 ] : Q size 1720, 43 take 146 milliseconds
2366.0 availRes: Resources: [0.0 2.0 2156.0 ] : Q size 1720, 43 take 150 milliseconds
2366.0 availRes: Resources: [0.0 1.0 2154.0 ] : Q size 1720, 43 take 163 milliseconds
2367.0 availRes: Resources: [32.0 0.0 2168.0 ] : Q size 1680, 42 take 151 milliseconds
2368.0 availRes: Resources: [32.0 3.0 2209.0 ] : Q size 1760, 44 take 192 milliseconds
2368.0 availRes: Resources: [0.0 3.0 2208.0 ] : Q size 5120, 128 take 6858 milliseconds
6435.0 availRes: Resources: [32.0 0.0 2355.0 ] : Q size 6520, 163 take 16803 milliseconds
2368.0 availRes: Resources: [0.0 2.0 2206.0 ] : Q size 5160, 129 take 7286 milliseconds
2368.0 availRes: Resources: [0.0 1.0 2204.0 ] : Q size 5080, 127 take 6882 milliseconds
2370.0 availRes: Resources: [0.0 1.0 2204.0 ] : Q size 5040, 126 take 6697 milliseconds
2371.0 availRes: Resources: [0.0 1.0 2214.0 ] : Q size 5160, 129 take 7236 milliseconds
2372.0 availRes: Resources: [64.0 0.0 2244.0 ] : Q size 5000, 125 take 6957 milliseconds
2372.0 availRes: Resources: [32.0 0.0 2243.0 ] : Q size 1680, 42 take 205 milliseconds
2378.0 availRes: Resources: [0.0 1.0 2236.0 ] : Q size 4960, 124 take 6577 milliseconds
6436.0 availRes: Resources: [0.0 1.0 2350.0 ] : Q size 9120, 228 take 45555 milliseconds
6468.0 availRes: Resources: [0.0 2.0 2302.0 ] : Q size 2000, 50 take 434 milliseconds
6468.0 availRes: Resources: [0.0 1.0 2300.0 ] : Q size 1960, 49 take 417 milliseconds
6469.0 availRes: Resources: [0.0 1.0 2310.0 ] : Q size 1560, 39 take 213 milliseconds
2382.0 availRes: Resources: [0.0 1.0 2226.0 ] : Q size 5040, 126 take 6951 milliseconds
2385.0 availRes: Resources: [0.0 1.0 2226.0 ] : Q size 5160, 129 take 7335 milliseconds
2389.0 availRes: Resources: [0.0 1.0 2236.0 ] : Q size 4920, 123 take 6425 milliseconds
2390.0 availRes: Resources: [0.0 1.0 2246.0 ] : Q size 1680, 42 take 205 milliseconds
6470.0 availRes: Resources: [0.0 3.0 2344.0 ] : Q size 6480, 162 take 16122 milliseconds
6470.0 availRes: Resources: [0.0 2.0 2342.0 ] : Q size 1920, 48 take 435 milliseconds
6470.0 availRes: Resources: [0.0 1.0 2340.0 ] : Q size 1320, 33 take 139 milliseconds
2392.0 availRes: Resources: [0.0 3.0 2260.0 ] : Q size 5120, 128 take 7238 milliseconds
2392.0 availRes: Resources: [0.0 2.0 2258.0 ] : Q size 4920, 123 take 6439 milliseconds
2392.0 availRes: Resources: [0.0 1.0 2256.0 ] : Q size 1680, 42 take 214 milliseconds
2395.0 availRes: Resources: [0.0 1.0 2256.0 ] : Q size 4880, 122 take 6753 milliseconds
2397.0 availRes: Resources: [0.0 1.0 2266.0 ] : Q size 1680, 42 take 218 milliseconds
2398.0 availRes: Resources: [0.0 2.0 2268.0 ] : Q size 5080, 127 take 7172 milliseconds
2398.0 availRes: Resources: [0.0 1.0 2266.0 ] : Q size 4840, 121 take 6255 milliseconds
2399.0 availRes: Resources: [0.0 1.0 2266.0 ] : Q size 5040, 126 take 7042 milliseconds
6471.0 availRes: Resources: [0.0 1.0 2350.0 ] : Q size 9080, 227 take 44431 milliseconds
2400.0 availRes: Resources: [0.0 1.0 2266.0 ] : Q size 5120, 128 take 7327 milliseconds
2401.0 availRes: Resources: [0.0 2.0 2278.0 ] : Q size 4800, 120 take 5999 milliseconds
2401.0 availRes: Resources: [0.0 1.0 2276.0 ] : Q size 1720, 43 take 242 milliseconds
6494.0 availRes: Resources: [0.0 1.0 2330.0 ] : Q size 6440, 161 take 15696 milliseconds
2405.0 availRes: Resources: [0.0 1.0 2276.0 ] : Q size 4760, 119 take 5901 milliseconds
6495.0 availRes: Resources: [0.0 1.0 2340.0 ] : Q size 1880, 47 take 395 milliseconds
2407.0 availRes: Resources: [0.0 2.0 2298.0 ] : Q size 5200, 130 take 8023 milliseconds
2407.0 availRes: Resources: [0.0 1.0 2296.0 ] : Q size 5080, 127 take 7463 milliseconds
2408.0 availRes: Resources: [32.0 1.0 2312.0 ] : Q size 4720, 118 take 5933 milliseconds
2408.0 availRes: Resources: [0.0 1.0 2308.0 ] : Q size 4680, 117 take 5803 milliseconds
2409.0 availRes: Resources: [32.0 0.0 2322.0 ] : Q size 5080, 127 take 7532 milliseconds
2410.0 availRes: Resources: [0.0 1.0 2311.0 ] : Q size 5000, 125 take 7130 milliseconds
6496.0 availRes: Resources: [0.0 1.0 2350.0 ] : Q size 9040, 226 take 44348 milliseconds
6503.0 availRes: Resources: [0.0 3.0 2354.0 ] : Q size 1840, 46 take 361 milliseconds
6503.0 availRes: Resources: [0.0 2.0 2352.0 ] : Q size 1800, 45 take 345 milliseconds
2411.0 availRes: Resources: [32.0 2.0 2329.0 ] : Q size 5040, 126 take 7281 milliseconds
2411.0 availRes: Resources: [0.0 2.0 2323.0 ] : Q size 5000, 125 take 7148 milliseconds
2411.0 availRes: Resources: [0.0 1.0 2321.0 ] : Q size 4960, 124 take 7101 milliseconds
2415.0 availRes: Resources: [0.0 1.0 2321.0 ] : Q size 5080, 127 take 7741 milliseconds
2420.0 availRes: Resources: [0.0 1.0 2311.0 ] : Q size 5200, 130 take 8130 milliseconds
2422.0 availRes: Resources: [0.0 2.0 2323.0 ] : Q size 5040, 126 take 7427 milliseconds
6503.0 availRes: Resources: [0.0 1.0 2350.0 ] : Q size 9000, 225 take 43837 milliseconds
6509.0 availRes: Resources: [0.0 1.0 2337.0 ] : Q size 1520, 38 take 219 milliseconds
2422.0 availRes: Resources: [0.0 1.0 2321.0 ] : Q size 4960, 124 take 7009 milliseconds
2424.0 availRes: Resources: [0.0 1.0 2321.0 ] : Q size 5000, 125 take 7173 milliseconds
6516.0 availRes: Resources: [0.0 1.0 2324.0 ] : Q size 6400, 160 take 15839 milliseconds
6519.0 availRes: Resources: [0.0 2.0 2326.0 ] : Q size 1480, 37 take 191 milliseconds
6519.0 availRes: Resources: [0.0 1.0 2324.0 ] : Q size 1760, 44 take 330 milliseconds
6531.0 availRes: Resources: [0.0 2.0 2305.0 ] : Q size 1440, 36 take 177 milliseconds
6531.0 availRes: Resources: [0.0 1.0 2303.0 ] : Q size 1720, 43 take 299 milliseconds
6545.0 availRes: Resources: [0.0 1.0 2254.0 ] : Q size 40, 1 take 0 milliseconds
2425.0 availRes: Resources: [0.0 2.0 2323.0 ] : Q size 5000, 125 take 7260 milliseconds
2425.0 availRes: Resources: [0.0 1.0 2321.0 ] : Q size 4920, 123 take 6823 milliseconds
6545.0 availRes: Resources: [0.0 1.0 2254.0 ] : Q size 6440, 161 take 15213 milliseconds
6546.0 availRes: Resources: [0.0 1.0 2254.0 ] : Q size 40, 1 take 0 milliseconds
2453.0 availRes: Resources: [0.0 1.0 2251.0 ] : Q size 4960, 124 take 6586 milliseconds
6546.0 availRes: Resources: [0.0 1.0 2254.0 ] : Q size 1760, 44 take 305 milliseconds
6547.0 availRes: Resources: [0.0 2.0 2276.0 ] : Q size 40, 1 take 0 milliseconds
6547.0 availRes: Resources: [0.0 1.0 2274.0 ] : Q size 1680, 42 take 277 milliseconds
6555.0 availRes: Resources: [0.0 1.0 2261.0 ] : Q size 40, 1 take 0 milliseconds
6560.0 availRes: Resources: [0.0 1.0 2242.0 ] : Q size 120, 3 take 0 milliseconds
6561.0 availRes: Resources: [0.0 3.0 2256.0 ] : Q size 1640, 41 take 265 milliseconds
6561.0 availRes: Resources: [0.0 2.0 2254.0 ] : Q size 80, 2 take 0 milliseconds
2477.0 availRes: Resources: [0.0 2.0 2258.0 ] : Q size 5200, 130 take 7679 milliseconds
2477.0 availRes: Resources: [0.0 1.0 2256.0 ] : Q size 5160, 129 take 7507 milliseconds
6561.0 availRes: Resources: [0.0 1.0 2252.0 ] : Q size 6560, 164 take 15797 milliseconds
6565.0 availRes: Resources: [64.0 0.0 2279.0 ] : Q size 1800, 45 take 344 milliseconds
6565.0 availRes: Resources: [32.0 0.0 2263.0 ] : Q size 160, 4 take 1 milliseconds
6565.0 availRes: Resources: [32.0 0.0 2263.0 ] : Q size 2160, 54 take 590 milliseconds
6566.0 availRes: Resources: [64.0 0.0 2294.0 ] : Q size 240, 6 take 1 milliseconds
2478.0 availRes: Resources: [0.0 2.0 2278.0 ] : Q size 5120, 128 take 7427 milliseconds
2478.0 availRes: Resources: [0.0 1.0 2276.0 ] : Q size 4960, 124 take 6694 milliseconds
2480.0 availRes: Resources: [0.0 2.0 2298.0 ] : Q size 4880, 122 take 6424 milliseconds
2480.0 availRes: Resources: [0.0 1.0 2296.0 ] : Q size 4960, 124 take 6819 milliseconds
2484.0 availRes: Resources: [0.0 1.0 2296.0 ] : Q size 4920, 123 take 6646 milliseconds
2585.0 availRes: Resources: [0.0 1.0 2214.0 ] : Q size 5240, 131 take 7495 milliseconds
2590.0 availRes: Resources: [0.0 1.0 2224.0 ] : Q size 5240, 131 take 7553 milliseconds
6566.0 availRes: Resources: [64.0 0.0 2294.0 ] : Q size 9680, 242 take 51906 milliseconds
6566.0 availRes: Resources: [32.0 0.0 2291.0 ] : Q size 2240, 56 take 720 milliseconds
6567.0 availRes: Resources: [96.0 0.0 2329.0 ] : Q size 280, 7 take 2 milliseconds
6567.0 availRes: Resources: [96.0 0.0 2329.0 ] : Q size 2080, 52 take 532 milliseconds
6567.0 availRes: Resources: [64.0 0.0 2321.0 ] : Q size 2040, 51 take 569 milliseconds
2592.0 availRes: Resources: [0.0 1.0 2234.0 ] : Q size 5080, 127 take 6943 milliseconds
2593.0 availRes: Resources: [0.0 2.0 2256.0 ] : Q size 4880, 122 take 6165 milliseconds
2593.0 availRes: Resources: [0.0 1.0 2254.0 ] : Q size 4840, 121 take 6078 milliseconds
2594.0 availRes: Resources: [0.0 1.0 2264.0 ] : Q size 5200, 130 take 7619 milliseconds
6567.0 availRes: Resources: [32.0 0.0 2311.0 ] : Q size 7000, 175 take 19987 milliseconds
6568.0 availRes: Resources: [64.0 0.0 2320.0 ] : Q size 320, 8 take 2 milliseconds
6568.0 availRes: Resources: [64.0 0.0 2320.0 ] : Q size 1600, 40 take 230 milliseconds
6568.0 availRes: Resources: [32.0 0.0 2314.0 ] : Q size 1520, 38 take 203 milliseconds
6570.0 availRes: Resources: [0.0 2.0 2312.0 ] : Q size 360, 9 take 3 milliseconds
6570.0 availRes: Resources: [0.0 1.0 2310.0 ] : Q size 320, 8 take 2 milliseconds
6571.0 availRes: Resources: [0.0 1.0 2320.0 ] : Q size 1800, 45 take 347 milliseconds
2595.0 availRes: Resources: [0.0 1.0 2274.0 ] : Q size 5080, 127 take 7187 milliseconds
2604.0 availRes: Resources: [0.0 2.0 2296.0 ] : Q size 5080, 127 take 7219 milliseconds
6572.0 availRes: Resources: [64.0 0.0 2350.0 ] : Q size 6840, 171 take 18950 milliseconds
6572.0 availRes: Resources: [32.0 0.0 2334.0 ] : Q size 360, 9 take 3 milliseconds
6572.0 availRes: Resources: [32.0 0.0 2334.0 ] : Q size 1560, 39 take 230 milliseconds
2604.0 availRes: Resources: [0.0 1.0 2294.0 ] : Q size 5160, 129 take 7677 milliseconds
2608.0 availRes: Resources: [0.0 1.0 2294.0 ] : Q size 4800, 120 take 6111 milliseconds
2609.0 availRes: Resources: [0.0 2.0 2306.0 ] : Q size 4760, 119 take 5956 milliseconds
2609.0 availRes: Resources: [0.0 1.0 2304.0 ] : Q size 4720, 118 take 5858 milliseconds
2611.0 availRes: Resources: [0.0 1.0 2314.0 ] : Q size 5040, 126 take 7256 milliseconds
2623.0 availRes: Resources: [0.0 2.0 2286.0 ] : Q size 5000, 125 take 6853 milliseconds
2623.0 availRes: Resources: [0.0 1.0 2284.0 ] : Q size 4680, 117 take 5602 milliseconds
2624.0 availRes: Resources: [0.0 1.0 2284.0 ] : Q size 4640, 116 take 5455 milliseconds
6573.0 availRes: Resources: [0.0 1.0 2312.0 ] : Q size 9520, 238 take 51062 milliseconds
6574.0 availRes: Resources: [0.0 2.0 2324.0 ] : Q size 2080, 52 take 532 milliseconds
6574.0 availRes: Resources: [0.0 1.0 2322.0 ] : Q size 360, 9 take 3 milliseconds
6575.0 availRes: Resources: [32.0 2.0 2340.0 ] : Q size 320, 8 take 2 milliseconds
6575.0 availRes: Resources: [32.0 1.0 2338.0 ] : Q size 280, 7 take 2 milliseconds
6575.0 availRes: Resources: [32.0 0.0 2336.0 ] : Q size 1240, 31 take 123 milliseconds
6578.0 availRes: Resources: [0.0 1.0 2328.0 ] : Q size 240, 6 take 1 milliseconds
2625.0 availRes: Resources: [0.0 3.0 2308.0 ] : Q size 4960, 124 take 6753 milliseconds
6580.0 availRes: Resources: [0.0 1.0 2328.0 ] : Q size 2080, 52 take 557 milliseconds
6581.0 availRes: Resources: [0.0 3.0 2332.0 ] : Q size 200, 5 take 0 milliseconds
6581.0 availRes: Resources: [0.0 2.0 2330.0 ] : Q size 1800, 45 take 354 milliseconds
6581.0 availRes: Resources: [0.0 1.0 2328.0 ] : Q size 160, 4 take 0 milliseconds
6585.0 availRes: Resources: [0.0 1.0 2328.0 ] : Q size 1760, 44 take 340 milliseconds
6586.0 availRes: Resources: [0.0 1.0 2328.0 ] : Q size 120, 3 take 0 milliseconds
6588.0 availRes: Resources: [0.0 1.0 2328.0 ] : Q size 80, 2 take 0 milliseconds
2625.0 availRes: Resources: [0.0 2.0 2306.0 ] : Q size 5120, 128 take 7469 milliseconds
2625.0 availRes: Resources: [0.0 1.0 2304.0 ] : Q size 4920, 123 take 6686 milliseconds
2632.0 availRes: Resources: [0.0 1.0 2314.0 ] : Q size 4640, 116 take 5743 milliseconds
2639.0 availRes: Resources: [0.0 1.0 2304.0 ] : Q size 5240, 131 take 8158 milliseconds
2640.0 availRes: Resources: [0.0 2.0 2316.0 ] : Q size 5200, 130 take 8006 milliseconds
2640.0 availRes: Resources: [0.0 1.0 2314.0 ] : Q size 5200, 130 take 8020 milliseconds
2644.0 availRes: Resources: [0.0 2.0 2286.0 ] : Q size 4640, 116 take 5432 milliseconds
6590.0 availRes: Resources: [0.0 3.0 2332.0 ] : Q size 9480, 237 take 50377 milliseconds
2644.0 availRes: Resources: [0.0 1.0 2284.0 ] : Q size 4600, 115 take 5339 milliseconds
2645.0 availRes: Resources: [0.0 1.0 2294.0 ] : Q size 5160, 129 take 7683 milliseconds
2646.0 availRes: Resources: [0.0 2.0 2316.0 ] : Q size 5120, 128 take 7590 milliseconds
6590.0 availRes: Resources: [0.0 2.0 2330.0 ] : Q size 6800, 170 take 18932 milliseconds
6590.0 availRes: Resources: [0.0 1.0 2328.0 ] : Q size 40, 1 take 0 milliseconds
6593.0 availRes: Resources: [0.0 1.0 2328.0 ] : Q size 2040, 51 take 553 milliseconds
2646.0 availRes: Resources: [0.0 1.0 2314.0 ] : Q size 4560, 114 take 5634 milliseconds
2649.0 availRes: Resources: [0.0 1.0 2314.0 ] : Q size 4960, 124 take 6931 milliseconds
2656.0 availRes: Resources: [0.0 1.0 2294.0 ] : Q size 4920, 123 take 6694 milliseconds
2657.0 availRes: Resources: [0.0 1.0 2294.0 ] : Q size 5160, 129 take 7756 milliseconds
2660.0 availRes: Resources: [0.0 1.0 2304.0 ] : Q size 4880, 122 take 6508 milliseconds
2666.0 availRes: Resources: [0.0 1.0 2294.0 ] : Q size 4560, 114 take 5245 milliseconds
2667.0 availRes: Resources: [0.0 2.0 2316.0 ] : Q size 4520, 113 take 5293 milliseconds
2667.0 availRes: Resources: [0.0 1.0 2314.0 ] : Q size 4480, 112 take 5091 milliseconds
6594.0 availRes: Resources: [0.0 1.0 2328.0 ] : Q size 9440, 236 take 50331 milliseconds
6596.0 availRes: Resources: [0.0 2.0 2330.0 ] : Q size 2000, 50 take 477 milliseconds
2672.0 availRes: Resources: [0.0 2.0 2306.0 ] : Q size 5160, 129 take 7741 milliseconds
2672.0 availRes: Resources: [0.0 1.0 2304.0 ] : Q size 5120, 128 take 7518 milliseconds
6596.0 availRes: Resources: [0.0 1.0 2328.0 ] : Q size 6760, 169 take 18347 milliseconds
6597.0 availRes: Resources: [0.0 1.0 2328.0 ] : Q size 1160, 29 take 95 milliseconds
6598.0 availRes: Resources: [0.0 4.0 2334.0 ] : Q size 1720, 43 take 289 milliseconds
6598.0 availRes: Resources: [0.0 3.0 2332.0 ] : Q size 1680, 42 take 276 milliseconds
6598.0 availRes: Resources: [0.0 2.0 2330.0 ] : Q size 1160, 29 take 89 milliseconds
2674.0 availRes: Resources: [0.0 1.0 2314.0 ] : Q size 4880, 122 take 6559 milliseconds
6598.0 availRes: Resources: [0.0 1.0 2328.0 ] : Q size 1960, 49 take 458 milliseconds
6599.0 availRes: Resources: [0.0 1.0 2328.0 ] : Q size 1640, 41 take 275 milliseconds
2683.0 availRes: Resources: [0.0 3.0 2318.0 ] : Q size 4440, 111 take 4879 milliseconds
2683.0 availRes: Resources: [0.0 2.0 2316.0 ] : Q size 4400, 110 take 4974 milliseconds
2683.0 availRes: Resources: [0.0 1.0 2314.0 ] : Q size 5120, 128 take 7672 milliseconds
6602.0 availRes: Resources: [0.0 1.0 2328.0 ] : Q size 6720, 168 take 18366 milliseconds
6617.0 availRes: Resources: [0.0 1.0 2288.0 ] : Q size 1920, 48 take 402 milliseconds
6618.0 availRes: Resources: [0.0 2.0 2300.0 ] : Q size 1880, 47 take 378 milliseconds
6618.0 availRes: Resources: [0.0 1.0 2298.0 ] : Q size 1600, 40 take 239 milliseconds
2685.0 availRes: Resources: [0.0 1.0 2314.0 ] : Q size 4360, 109 take 4711 milliseconds
2686.0 availRes: Resources: [0.0 2.0 2316.0 ] : Q size 5160, 129 take 7769 milliseconds
2686.0 availRes: Resources: [0.0 1.0 2314.0 ] : Q size 5080, 127 take 7497 milliseconds
2692.0 availRes: Resources: [0.0 2.0 2306.0 ] : Q size 4880, 122 take 6435 milliseconds
2692.0 availRes: Resources: [0.0 1.0 2304.0 ] : Q size 4840, 121 take 6338 milliseconds
2693.0 availRes: Resources: [0.0 1.0 2314.0 ] : Q size 5040, 126 take 7219 milliseconds
2698.0 availRes: Resources: [0.0 1.0 2294.0 ] : Q size 4480, 112 take 4996 milliseconds
6619.0 availRes: Resources: [0.0 3.0 2322.0 ] : Q size 9400, 235 take 49187 milliseconds
2700.0 availRes: Resources: [0.0 1.0 2294.0 ] : Q size 5200, 130 take 7996 milliseconds
2701.0 availRes: Resources: [0.0 1.0 2304.0 ] : Q size 4800, 120 take 6226 milliseconds
2706.0 availRes: Resources: [0.0 2.0 2316.0 ] : Q size 4560, 114 take 5325 milliseconds
6619.0 availRes: Resources: [0.0 2.0 2320.0 ] : Q size 6680, 167 take 17793 milliseconds
6619.0 availRes: Resources: [0.0 1.0 2318.0 ] : Q size 1840, 46 take 390 milliseconds
2706.0 availRes: Resources: [0.0 1.0 2314.0 ] : Q size 4520, 113 take 5322 milliseconds
6620.0 availRes: Resources: [0.0 1.0 2328.0 ] : Q size 1560, 39 take 248 milliseconds
2715.0 availRes: Resources: [0.0 2.0 2306.0 ] : Q size 4560, 114 take 5242 milliseconds
2715.0 availRes: Resources: [0.0 1.0 2304.0 ] : Q size 4520, 113 take 5213 milliseconds
6623.0 availRes: Resources: [0.0 1.0 2328.0 ] : Q size 6640, 166 take 17469 milliseconds
6624.0 availRes: Resources: [0.0 1.0 2328.0 ] : Q size 1520, 38 take 219 milliseconds
6637.0 availRes: Resources: [0.0 2.0 2313.0 ] : Q size 1240, 31 take 113 milliseconds
2716.0 availRes: Resources: [0.0 1.0 2304.0 ] : Q size 5320, 133 take 8911 milliseconds
2728.0 availRes: Resources: [0.0 1.0 2284.0 ] : Q size 4960, 124 take 6715 milliseconds
2730.0 availRes: Resources: [0.0 3.0 2318.0 ] : Q size 5240, 131 take 8348 milliseconds
2730.0 availRes: Resources: [0.0 2.0 2316.0 ] : Q size 5000, 125 take 7021 milliseconds
2730.0 availRes: Resources: [0.0 1.0 2314.0 ] : Q size 4760, 119 take 6109 milliseconds
2733.0 availRes: Resources: [0.0 2.0 2306.0 ] : Q size 5480, 137 take 9251 milliseconds
2733.0 availRes: Resources: [0.0 1.0 2304.0 ] : Q size 5200, 130 take 7887 milliseconds
6637.0 availRes: Resources: [0.0 1.0 2311.0 ] : Q size 9400, 235 take 49547 milliseconds
2734.0 availRes: Resources: [0.0 2.0 2316.0 ] : Q size 4960, 124 take 6917 milliseconds
2734.0 availRes: Resources: [0.0 1.0 2314.0 ] : Q size 4800, 120 take 6224 milliseconds
2747.0 availRes: Resources: [0.0 2.0 2296.0 ] : Q size 4800, 120 take 6054 milliseconds
6641.0 availRes: Resources: [0.0 1.0 2321.0 ] : Q size 6600, 165 take 17149 milliseconds
6644.0 availRes: Resources: [0.0 1.0 2321.0 ] : Q size 1480, 37 take 198 milliseconds
6645.0 availRes: Resources: [0.0 1.0 2321.0 ] : Q size 1440, 36 take 182 milliseconds
6647.0 availRes: Resources: [0.0 1.0 2321.0 ] : Q size 1800, 45 take 354 milliseconds
6648.0 availRes: Resources: [0.0 1.0 2321.0 ] : Q size 1760, 44 take 331 milliseconds
6649.0 availRes: Resources: [0.0 1.0 2321.0 ] : Q size 1720, 43 take 309 milliseconds
2747.0 availRes: Resources: [0.0 1.0 2294.0 ] : Q size 4760, 119 take 5985 milliseconds
2748.0 availRes: Resources: [0.0 3.0 2318.0 ] : Q size 5480, 137 take 9259 milliseconds
6670.0 availRes: Resources: [0.0 3.0 2315.0 ] : Q size 6680, 167 take 17425 milliseconds
2748.0 availRes: Resources: [0.0 2.0 2316.0 ] : Q size 5280, 132 take 8364 milliseconds
2748.0 availRes: Resources: [0.0 1.0 2314.0 ] : Q size 4720, 118 take 5931 milliseconds
2754.0 availRes: Resources: [0.0 1.0 2314.0 ] : Q size 5360, 134 take 8706 milliseconds
2758.0 availRes: Resources: [64.0 0.0 2334.0 ] : Q size 5200, 130 take 7928 milliseconds
2758.0 availRes: Resources: [32.0 0.0 2318.0 ] : Q size 5560, 139 take 9881 milliseconds
2759.0 availRes: Resources: [0.0 1.0 2320.0 ] : Q size 1640, 41 take 241 milliseconds
2761.0 availRes: Resources: [64.0 0.0 2340.0 ] : Q size 5200, 130 take 8062 milliseconds
6670.0 availRes: Resources: [0.0 2.0 2313.0 ] : Q size 9440, 236 take 49479 milliseconds
2761.0 availRes: Resources: [32.0 0.0 2336.0 ] : Q size 5160, 129 take 7946 milliseconds
2762.0 availRes: Resources: [0.0 2.0 2339.0 ] : Q size 5120, 128 take 7769 milliseconds
2762.0 availRes: Resources: [0.0 1.0 2337.0 ] : Q size 1640, 41 take 254 milliseconds
2763.0 availRes: Resources: [64.0 0.0 2367.0 ] : Q size 1640, 41 take 261 milliseconds
2763.0 availRes: Resources: [32.0 0.0 2359.0 ] : Q size 1640, 41 take 274 milliseconds
6670.0 availRes: Resources: [0.0 1.0 2311.0 ] : Q size 6640, 166 take 17169 milliseconds
6671.0 availRes: Resources: [0.0 1.0 2321.0 ] : Q size 1720, 43 take 310 milliseconds
6673.0 availRes: Resources: [0.0 1.0 2321.0 ] : Q size 1400, 35 take 167 milliseconds
6675.0 availRes: Resources: [0.0 1.0 2321.0 ] : Q size 1680, 42 take 299 milliseconds
6676.0 availRes: Resources: [0.0 1.0 2321.0 ] : Q size 1640, 41 take 268 milliseconds
2764.0 availRes: Resources: [0.0 1.0 2343.0 ] : Q size 5600, 140 take 10474 milliseconds
2766.0 availRes: Resources: [0.0 1.0 2353.0 ] : Q size 4800, 120 take 6815 milliseconds
2770.0 availRes: Resources: [0.0 1.0 2353.0 ] : Q size 4800, 120 take 6628 milliseconds
2771.0 availRes: Resources: [0.0 1.0 2353.0 ] : Q size 4760, 119 take 6399 milliseconds
2776.0 availRes: Resources: [32.0 0.0 2367.0 ] : Q size 1680, 42 take 297 milliseconds
2777.0 availRes: Resources: [0.0 1.0 2364.0 ] : Q size 4720, 118 take 6284 milliseconds
2779.0 availRes: Resources: [0.0 1.0 2364.0 ] : Q size 5560, 139 take 10328 milliseconds
2795.0 availRes: Resources: [0.0 3.0 2358.0 ] : Q size 4680, 117 take 6176 milliseconds
6683.0 availRes: Resources: [0.0 1.0 2321.0 ] : Q size 9400, 235 take 49368 milliseconds
6684.0 availRes: Resources: [0.0 1.0 2321.0 ] : Q size 1640, 41 take 269 milliseconds
6685.0 availRes: Resources: [0.0 1.0 2321.0 ] : Q size 1360, 34 take 157 milliseconds
2795.0 availRes: Resources: [0.0 2.0 2356.0 ] : Q size 5520, 138 take 10602 milliseconds
2795.0 availRes: Resources: [0.0 1.0 2354.0 ] : Q size 4640, 116 take 6035 milliseconds
6697.0 availRes: Resources: [0.0 1.0 2321.0 ] : Q size 6600, 165 take 17190 milliseconds
6705.0 availRes: Resources: [0.0 1.0 2298.0 ] : Q size 1600, 40 take 232 milliseconds
2797.0 availRes: Resources: [0.0 1.0 2354.0 ] : Q size 5440, 136 take 9734 milliseconds
2798.0 availRes: Resources: [0.0 1.0 2364.0 ] : Q size 4600, 115 take 5971 milliseconds
2799.0 availRes: Resources: [0.0 2.0 2366.0 ] : Q size 5400, 135 take 9455 milliseconds
2799.0 availRes: Resources: [0.0 1.0 2364.0 ] : Q size 5360, 134 take 9201 milliseconds
2800.0 availRes: Resources: [0.0 1.0 2364.0 ] : Q size 5080, 127 take 7981 milliseconds
2819.0 availRes: Resources: [0.0 3.0 2358.0 ] : Q size 4560, 114 take 5607 milliseconds
6706.0 availRes: Resources: [0.0 1.0 2308.0 ] : Q size 9400, 235 take 49376 milliseconds
6707.0 availRes: Resources: [0.0 1.0 2295.0 ] : Q size 1560, 39 take 243 milliseconds
2819.0 availRes: Resources: [0.0 2.0 2356.0 ] : Q size 5480, 137 take 10000 milliseconds
